{"numTotalTestSuites":2,"numPassedTestSuites":2,"numFailedTestSuites":0,"numPendingTestSuites":0,"numTotalTests":3,"numPassedTests":3,"numFailedTests":0,"numPendingTests":0,"numTodoTests":0,"startTime":1712616072915,"success":true,"testResults":[{"assertionResults":[{"ancestorTitles":["","XaiButton"],"fullName":" XaiButton renders correctly","status":"passed","title":"renders correctly","duration":13,"failureMessages":[]},{"ancestorTitles":["","XaiButton"],"fullName":" XaiButton handles click events","status":"passed","title":"handles click events","duration":4,"failureMessages":[]},{"ancestorTitles":["","XaiButton"],"fullName":" XaiButton is disabled when disabled prop is true","status":"passed","title":"is disabled when disabled prop is true","duration":1,"failureMessages":[]}],"startTime":1712616073427,"endTime":1712616073446,"status":"passed","message":"","name":"/Users/jamesbartnik/Documents/GitHub/sentry/packages/ui/src/features/buttons/XaiButton.spec.tsx"}]}
